0 info it worked if it ends with ok
1 verbose cli [ '/usr/local/bin/node', '/usr/local/bin/npm', 'run', 'watch' ]
2 info using npm@3.10.10
3 info using node@v6.11.0
4 verbose run-script [ 'prewatch', 'watch', 'postwatch' ]
5 info lifecycle frontend@1.0.0~prewatch: frontend@1.0.0
6 silly lifecycle frontend@1.0.0~prewatch: no script for prewatch, continuing
7 info lifecycle frontend@1.0.0~watch: frontend@1.0.0
8 verbose lifecycle frontend@1.0.0~watch: unsafe-perm in lifecycle true
9 verbose lifecycle frontend@1.0.0~watch: PATH: /usr/local/lib/node_modules/npm/bin/node-gyp-bin:/Users/Jake/CodeFellows/giggle-react/frontend/node_modules/.bin:/usr/local/bin:/usr/bin:/bin:/usr/sbin:/sbin:/Library/Frameworks/Mono.framework/Versions/Current/Commands
10 verbose lifecycle frontend@1.0.0~watch: CWD: /Users/Jake/CodeFellows/giggle-react/frontend
11 silly lifecycle frontend@1.0.0~watch: Args: [ '-c', 'webpack-dev-server --inline --hot' ]
12 info lifecycle frontend@1.0.0~watch: Failed to exec watch script
13 verbose stack Error: frontend@1.0.0 watch: `webpack-dev-server --inline --hot`
13 verbose stack spawn ENOENT
13 verbose stack     at ChildProcess.<anonymous> (/usr/local/lib/node_modules/npm/lib/utils/spawn.js:33:16)
13 verbose stack     at emitTwo (events.js:106:13)
13 verbose stack     at ChildProcess.emit (events.js:191:7)
13 verbose stack     at maybeClose (internal/child_process.js:891:16)
13 verbose stack     at Process.ChildProcess._handle.onexit (internal/child_process.js:226:5)
14 verbose pkgid frontend@1.0.0
15 verbose cwd /Users/Jake/CodeFellows/giggle-react/frontend
16 error Darwin 16.7.0
17 error argv "/usr/local/bin/node" "/usr/local/bin/npm" "run" "watch"
18 error node v6.11.0
19 error npm  v3.10.10
20 error file sh
21 error code ELIFECYCLE
22 error errno ENOENT
23 error syscall spawn
24 error frontend@1.0.0 watch: `webpack-dev-server --inline --hot`
24 error spawn ENOENT
25 error Failed at the frontend@1.0.0 watch script 'webpack-dev-server --inline --hot'.
25 error Make sure you have the latest version of node.js and npm installed.
25 error If you do, this is most likely a problem with the frontend package,
25 error not with npm itself.
25 error Tell the author that this fails on your system:
25 error     webpack-dev-server --inline --hot
25 error You can get information on how to open an issue for this project with:
25 error     npm bugs frontend
25 error Or if that isn't available, you can get their info via:
25 error     npm owner ls frontend
25 error There is likely additional logging output above.
26 verbose exit [ 1, true ]
